<?xml version="1.0" encoding="UTF-8"?>
<!-- Generated by org.testng.reporters.JUnitXMLReporter -->
<testsuite ignored="2" hostname="LAPTOP-IO7O6G3K" failures="0" tests="3" name="Default test" time="5.441" errors="0" timestamp="2022-08-27T09:43:22 IST">
  <testcase classname="test.LoginPageTest" name="data" time="0.018"/>
  <testcase classname="test.LoginPageTest" name="data" time="0.001"/>
  <testcase classname="test.LoginPageTest" name="data" time="0.001"/>
  <testcase classname="test.LoginPageTest" name="ZerodhaLoginTest" time="0.0">
    <ignored/>
  </testcase> <!-- ZerodhaLoginTest -->
  <testcase classname="test.LoginPageTest" name="validateZerodhaForgotLink" time="0.0">
    <ignored/>
  </testcase> <!-- validateZerodhaForgotLink -->
</testsuite> <!-- Default test -->
