<?xml version="1.0" encoding="UTF-8"?>
<testng-results ignored="2" total="5" passed="3" failed="0" skipped="0">
  <reporter-output>
  </reporter-output>
  <suite started-at="2022-08-27T09:43:17 IST" name="Default suite" finished-at="2022-08-27T09:43:22 IST" duration-ms="5441">
    <groups>
    </groups>
    <test started-at="2022-08-27T09:43:17 IST" name="Default test" finished-at="2022-08-27T09:43:22 IST" duration-ms="5441">
      <class name="test.LoginPageTest">
        <test-method is-config="true" signature="addReports()[pri:0, instance:test.LoginPageTest@4f80542f]" started-at="2022-08-27T09:43:17 IST" name="addReports" finished-at="2022-08-27T09:43:17 IST" duration-ms="186" status="PASS">
          <reporter-output>
          </reporter-output>
        </test-method> <!-- addReports -->
        <test-method is-config="true" signature="launchBrowser()[pri:0, instance:test.LoginPageTest@4f80542f]" started-at="2022-08-27T09:43:17 IST" name="launchBrowser" finished-at="2022-08-27T09:43:19 IST" duration-ms="2218" status="PASS">
          <reporter-output>
          </reporter-output>
        </test-method> <!-- launchBrowser -->
        <test-method signature="data(int,int,java.lang.String)[pri:0, instance:test.LoginPageTest@4f80542f]" started-at="2022-08-27T09:43:19 IST" name="data" data-provider="DataForTest" finished-at="2022-08-27T09:43:19 IST" duration-ms="18" status="PASS">
          <params>
            <param index="0">
              <value>
                <![CDATA[5]]>
              </value>
            </param>
            <param index="1">
              <value>
                <![CDATA[10]]>
              </value>
            </param>
            <param index="2">
              <value>
                <![CDATA[Velocity]]>
              </value>
            </param>
          </params>
          <reporter-output>
          </reporter-output>
        </test-method> <!-- data -->
        <test-method is-config="true" signature="postTest(org.testng.ITestResult)[pri:0, instance:test.LoginPageTest@4f80542f]" started-at="2022-08-27T09:43:19 IST" name="postTest" finished-at="2022-08-27T09:43:19 IST" duration-ms="5" status="PASS">
          <params>
            <param index="0">
              <value>
                <![CDATA[[TestResult name=data status=SUCCESS method=LoginPageTest.data(int,int,java.lang.String)[pri:0, instance:test.LoginPageTest@4f80542f] output={null}]]]>
              </value>
            </param>
          </params>
          <reporter-output>
          </reporter-output>
        </test-method> <!-- postTest -->
        <test-method is-config="true" signature="launchBrowser()[pri:0, instance:test.LoginPageTest@4f80542f]" started-at="2022-08-27T09:43:19 IST" name="launchBrowser" finished-at="2022-08-27T09:43:21 IST" duration-ms="1341" status="PASS">
          <reporter-output>
          </reporter-output>
        </test-method> <!-- launchBrowser -->
        <test-method signature="data(int,int,java.lang.String)[pri:0, instance:test.LoginPageTest@4f80542f]" started-at="2022-08-27T09:43:21 IST" name="data" data-provider="DataForTest" finished-at="2022-08-27T09:43:21 IST" duration-ms="1" status="PASS">
          <params>
            <param index="0">
              <value>
                <![CDATA[40]]>
              </value>
            </param>
            <param index="1">
              <value>
                <![CDATA[2]]>
              </value>
            </param>
            <param index="2">
              <value>
                <![CDATA[Katraj]]>
              </value>
            </param>
          </params>
          <reporter-output>
          </reporter-output>
        </test-method> <!-- data -->
        <test-method is-config="true" signature="postTest(org.testng.ITestResult)[pri:0, instance:test.LoginPageTest@4f80542f]" started-at="2022-08-27T09:43:21 IST" name="postTest" finished-at="2022-08-27T09:43:21 IST" duration-ms="0" status="PASS">
          <params>
            <param index="0">
              <value>
                <![CDATA[[TestResult name=data status=SUCCESS method=LoginPageTest.data(int,int,java.lang.String)[pri:0, instance:test.LoginPageTest@4f80542f] output={null}]]]>
              </value>
            </param>
          </params>
          <reporter-output>
          </reporter-output>
        </test-method> <!-- postTest -->
        <test-method is-config="true" signature="launchBrowser()[pri:0, instance:test.LoginPageTest@4f80542f]" started-at="2022-08-27T09:43:21 IST" name="launchBrowser" finished-at="2022-08-27T09:43:22 IST" duration-ms="1340" status="PASS">
          <reporter-output>
          </reporter-output>
        </test-method> <!-- launchBrowser -->
        <test-method signature="data(int,int,java.lang.String)[pri:0, instance:test.LoginPageTest@4f80542f]" started-at="2022-08-27T09:43:22 IST" name="data" data-provider="DataForTest" finished-at="2022-08-27T09:43:22 IST" duration-ms="1" status="PASS">
          <params>
            <param index="0">
              <value>
                <![CDATA[50]]>
              </value>
            </param>
            <param index="1">
              <value>
                <![CDATA[5]]>
              </value>
            </param>
            <param index="2">
              <value>
                <![CDATA[Pune]]>
              </value>
            </param>
          </params>
          <reporter-output>
          </reporter-output>
        </test-method> <!-- data -->
        <test-method is-config="true" signature="postTest(org.testng.ITestResult)[pri:0, instance:test.LoginPageTest@4f80542f]" started-at="2022-08-27T09:43:22 IST" name="postTest" finished-at="2022-08-27T09:43:22 IST" duration-ms="1" status="PASS">
          <params>
            <param index="0">
              <value>
                <![CDATA[[TestResult name=data status=SUCCESS method=LoginPageTest.data(int,int,java.lang.String)[pri:0, instance:test.LoginPageTest@4f80542f] output={null}]]]>
              </value>
            </param>
          </params>
          <reporter-output>
          </reporter-output>
        </test-method> <!-- postTest -->
        <test-method is-config="true" signature="flushResport()[pri:0, instance:test.LoginPageTest@4f80542f]" started-at="2022-08-27T09:43:22 IST" name="flushResport" finished-at="2022-08-27T09:43:22 IST" duration-ms="298" status="PASS">
          <reporter-output>
          </reporter-output>
        </test-method> <!-- flushResport -->
      </class> <!-- test.LoginPageTest -->
    </test> <!-- Default test -->
  </suite> <!-- Default suite -->
</testng-results>
